2026-03-15 15:51:01 | 3 ms | conn0 | SELECT * FROM SAMPLE
2026-03-15 15:52:47|statement|SELECT * FROM SAMPLE;
2026-03-15 15:53:37|statement|update SAMPLE set 名前 = '111' where No = 4;;
2026-03-15 15:53:43|rollback|;
2026-03-15 15:54:00|commit|;
2026-03-15 15:54:04|statement|update SAMPLE set "名前" = '111' where "No" = 4;;
2026-03-15 15:54:05|commit|;
2026-03-15 15:55:22|statement|update SAMPLE set "名前" = '111' where "No" = 4;;
2026-03-15 15:55:25|commit|;
2026-03-15 15:55:29|statement|update SAMPLE set "名前" = '111' where "No" = 4;;
2026-03-15 17:31:23|commit|;
2026-03-15 17:31:42|statement|update SAMPLE set "名前" = '111' where "No" = 4;;
2026-03-15 17:31:43|rollback|;
2026-03-15 17:31:52|commit|;
2026-03-15 17:31:54|statement|update SAMPLE set "名前" = '111' where "No" = 4;;
2026-03-15 17:32:03|statement|update SAMPLE set "名前" = '111' where "No" = 4;;
2026-03-15 17:32:04|commit|;
2026-03-15 17:35:00|0|statement|update SAMPLE set "名前" = '111' where "No" = 4;;;
2026-03-15 17:35:01|0|commit|;
2026-03-15 17:35:03|0|rollback|;
